<?xml version="1.0" encoding="UTF-8"?>
<!-- Generated by org.testng.reporters.JUnitReportReporter -->
<testsuite hostname="DESKTOP-LVNNG7C" failures="0" tests="5" name="com.tn.qa.Runner.Runner_TestNG" time="0.136" errors="0" timestamp="2024-01-11T03:58:00 EST" skipped="0">
  <testcase classname="com.tn.qa.Runner.Runner_TestNG" name="runScenario" time="0.008"/>
  <testcase classname="com.tn.qa.Runner.Runner_TestNG" name="runScenario" time="0.020"/>
  <testcase classname="com.tn.qa.Runner.Runner_TestNG" name="runScenario" time="0.013"/>
  <testcase classname="com.tn.qa.Runner.Runner_TestNG" name="runScenario" time="0.088"/>
  <testcase classname="com.tn.qa.Runner.Runner_TestNG" name="runScenario" time="0.007"/>
</testsuite> <!-- com.tn.qa.Runner.Runner_TestNG -->
